d:\carrot_fantasy\proj.win32\carrot_fantasy.dir\debug\vc143.pdb
d:\carrot_fantasy\proj.win32\carrot_fantasy.dir\debug\appdelegate.obj
d:\carrot_fantasy\proj.win32\carrot_fantasy.dir\debug\main.obj
d:\carrot_fantasy\proj.win32\carrot_fantasy.dir\debug\level_1_1.obj
d:\carrot_fantasy\proj.win32\carrot_fantasy.dir\debug\helperscene.obj
d:\carrot_fantasy\proj.win32\carrot_fantasy.dir\debug\enemy.obj
d:\carrot_fantasy\proj.win32\carrot_fantasy.dir\debug\precheader.obj
d:\carrot_fantasy\proj.win32\carrot_fantasy.dir\debug\enemycreate.obj
d:\carrot_fantasy\proj.win32\carrot_fantasy.dir\debug\tower.obj
d:\carrot_fantasy\proj.win32\carrot_fantasy.dir\debug\gamescene.obj
d:\carrot_fantasy\proj.win32\carrot_fantasy.dir\debug\optionsscene.obj
d:\carrot_fantasy\proj.win32\carrot_fantasy.dir\debug\level_1_2.obj
d:\carrot_fantasy\proj.win32\carrot_fantasy.dir\debug\gameselectionscene.obj
d:\carrot_fantasy\proj.win32\carrot_fantasy.dir\debug\menuscene.obj
d:\carrot_fantasy\proj.win32\cmakefiles\generate.stamp
d:\carrot_fantasy\proj.win32\bin\carrot_fantasy\debug\carrot_fantasy.exe
d:\carrot_fantasy\proj.win32\bin\carrot_fantasy\debug\carrot_fantasy.pdb
d:\carrot_fantasy\proj.win32\carrot_fantasy.dir\debug\game.res
d:\carrot_fantasy\proj.win32\debug\carrot_fantasy.lib
d:\carrot_fantasy\proj.win32\debug\carrot_fantasy.exp
d:\carrot_fantasy\proj.win32\carrot_fantasy.dir\debug\carrot_fantasy.ilk
d:\carrot_fantasy\proj.win32\carrot_fantasy.dir\debug\carrot_fantasy.tlog\cl.command.1.tlog
d:\carrot_fantasy\proj.win32\carrot_fantasy.dir\debug\carrot_fantasy.tlog\cl.items.tlog
d:\carrot_fantasy\proj.win32\carrot_fantasy.dir\debug\carrot_fantasy.tlog\cl.read.1.tlog
d:\carrot_fantasy\proj.win32\carrot_fantasy.dir\debug\carrot_fantasy.tlog\cl.write.1.tlog
d:\carrot_fantasy\proj.win32\carrot_fantasy.dir\debug\carrot_fantasy.tlog\custombuild.command.1.tlog
d:\carrot_fantasy\proj.win32\carrot_fantasy.dir\debug\carrot_fantasy.tlog\custombuild.read.1.tlog
d:\carrot_fantasy\proj.win32\carrot_fantasy.dir\debug\carrot_fantasy.tlog\custombuild.write.1.tlog
d:\carrot_fantasy\proj.win32\carrot_fantasy.dir\debug\carrot_fantasy.tlog\link.command.1.tlog
d:\carrot_fantasy\proj.win32\carrot_fantasy.dir\debug\carrot_fantasy.tlog\link.read.1.tlog
d:\carrot_fantasy\proj.win32\carrot_fantasy.dir\debug\carrot_fantasy.tlog\link.secondary.1.tlog
d:\carrot_fantasy\proj.win32\carrot_fantasy.dir\debug\carrot_fantasy.tlog\link.write.1.tlog
d:\carrot_fantasy\proj.win32\carrot_fantasy.dir\debug\carrot_fantasy.tlog\rc.command.1.tlog
d:\carrot_fantasy\proj.win32\carrot_fantasy.dir\debug\carrot_fantasy.tlog\rc.read.1.tlog
d:\carrot_fantasy\proj.win32\carrot_fantasy.dir\debug\carrot_fantasy.tlog\rc.write.1.tlog
